<?xml version="1.0" encoding="UTF-8"?>
<!-- Generated by org.testng.reporters.JUnitReportReporter -->
<testsuite hostname="Lenovo-PC" failures="0" tests="1" name="tests.Mystore_Signin" time="34.717" errors="0" timestamp="2022-09-26T12:40:55 IST" skipped="0">
  <testcase classname="tests.Mystore_Signin" name="Mystore_signinclicl" time="34.717"/>
  <system-out/>
</testsuite> <!-- tests.Mystore_Signin -->
