<?xml version="1.0" encoding="UTF-8"?>
<!-- Generated by org.testng.reporters.JUnitReportReporter -->
<testsuite hostname="Lenovo-PC" failures="0" tests="1" name="tests.Orangetests" time="9.193" errors="0" timestamp="2022-09-24T02:17:42 IST" skipped="0">
  <testcase classname="tests.Orangetests" name="verifylogindetails" time="9.193"/>
  <system-out/>
</testsuite> <!-- tests.Orangetests -->
